# JRE version: Java(TM) SE Runtime Environment (17.0.10+11) (build 17.0.10+11-LTS-240)
# Java VM: Java HotSpot(TM) 64-Bit Server VM (17.0.10+11-LTS-240, mixed mode, sharing, tiered, compressed oops, compressed class ptrs, g1 gc, windows-amd64)
GC Precious Log:
 CPUs: 8 total, 8 available
 Memory: 7901M
 Large Page Support: Disabled
 NUMA Support: Disabled
 Compressed Oops: Enabled (32-bit)
 Heap Region Size: 1M
 Heap Min Capacity: 256M
 Heap Initial Capacity: 256M
 Heap Max Capacity: 512M
 Pre-touch: Disabled
 Parallel Workers: 8
 Concurrent Workers: 2
 Concurrent Refinement Workers: 8
 Periodic GC: Disabled
Heap:
 garbage-first heap   total 262144K, used 36652K [0x00000000e0000000, 0x0000000100000000)
  region size 1024K, 8 young (8192K), 2 survivors (2048K)
 Metaspace       used 41278K, committed 41728K, reserved 393216K
  class space    used 5729K, committed 5952K, reserved 327680K
GC Heap History (20 events):
Event: 7.587 GC heap before
{Heap before GC invocations=0 (full 0):
 garbage-first heap   total 262144K, used 26624K [0x00000000e0000000, 0x0000000100000000)
  region size 1024K, 23 young (23552K), 0 survivors (0K)
 Metaspace       used 3031K, committed 3200K, reserved 393216K
  class space    used 388K, committed 448K, reserved 327680K
}
Event: 7.650 GC heap after
{Heap after GC invocations=1 (full 0):
 garbage-first heap   total 262144K, used 10466K [0x00000000e0000000, 0x0000000100000000)
  region size 1024K, 3 young (3072K), 3 survivors (3072K)
 Metaspace       used 3031K, committed 3200K, reserved 393216K
  class space    used 388K, committed 448K, reserved 327680K
}
Event: 21.941 GC heap before
{Heap before GC invocations=1 (full 0):
 garbage-first heap   total 262144K, used 38114K [0x00000000e0000000, 0x0000000100000000)
  region size 1024K, 30 young (30720K), 3 survivors (3072K)
 Metaspace       used 4035K, committed 4160K, reserved 393216K
  class space    used 496K, committed 576K, reserved 327680K
}
Event: 21.952 GC heap after
{Heap after GC invocations=2 (full 0):
 garbage-first heap   total 262144K, used 11457K [0x00000000e0000000, 0x0000000100000000)
  region size 1024K, 1 young (1024K), 1 survivors (1024K)
 Metaspace       used 4035K, committed 4160K, reserved 393216K
  class space    used 496K, committed 576K, reserved 327680K
}
Event: 68.971 GC heap before
{Heap before GC invocations=2 (full 0):
 garbage-first heap   total 262144K, used 130241K [0x00000000e0000000, 0x0000000100000000)
  region size 1024K, 117 young (119808K), 1 survivors (1024K)
 Metaspace       used 21214K, committed 21504K, reserved 393216K
  class space    used 3115K, committed 3264K, reserved 327680K
}
Event: 69.052 GC heap after
{Heap after GC invocations=3 (full 0):
 garbage-first heap   total 262144K, used 22522K [0x00000000e0000000, 0x0000000100000000)
  region size 1024K, 12 young (12288K), 12 survivors (12288K)
 Metaspace       used 21214K, committed 21504K, reserved 393216K
  class space    used 3115K, committed 3264K, reserved 327680K
}
Event: 308.841 GC heap before
{Heap before GC invocations=4 (full 0):
 garbage-first heap   total 262144K, used 147450K [0x00000000e0000000, 0x0000000100000000)
  region size 1024K, 131 young (134144K), 12 survivors (12288K)
 Metaspace       used 35687K, committed 36096K, reserved 393216K
  class space    used 4965K, committed 5184K, reserved 327680K
}
Event: 310.785 GC heap after
{Heap after GC invocations=5 (full 0):
 garbage-first heap   total 262144K, used 31889K [0x00000000e0000000, 0x0000000100000000)
  region size 1024K, 10 young (10240K), 10 survivors (10240K)
 Metaspace       used 35687K, committed 36096K, reserved 393216K
  class space    used 4965K, committed 5184K, reserved 327680K
}
Event: 329.321 GC heap before
{Heap before GC invocations=6 (full 0):
 garbage-first heap   total 262144K, used 33937K [0x00000000e0000000, 0x0000000100000000)
  region size 1024K, 12 young (12288K), 10 survivors (10240K)
 Metaspace       used 35858K, committed 36288K, reserved 393216K
  class space    used 4998K, committed 5184K, reserved 327680K
}
Event: 330.963 GC heap after
{Heap after GC invocations=7 (full 0):
 garbage-first heap   total 262144K, used 32413K [0x00000000e0000000, 0x0000000100000000)
  region size 1024K, 2 young (2048K), 2 survivors (2048K)
 Metaspace       used 35858K, committed 36288K, reserved 393216K
  class space    used 4998K, committed 5184K, reserved 327680K
}
Event: 379.344 GC heap before
{Heap before GC invocations=7 (full 0):
 garbage-first heap   total 262144K, used 43677K [0x00000000e0000000, 0x0000000100000000)
  region size 1024K, 12 young (12288K), 2 survivors (2048K)
 Metaspace       used 37466K, committed 37824K, reserved 393216K
  class space    used 5132K, committed 5312K, reserved 327680K
}
Event: 379.388 GC heap after
{Heap after GC invocations=8 (full 0):
 garbage-first heap   total 262144K, used 31547K [0x00000000e0000000, 0x0000000100000000)
  region size 1024K, 1 young (1024K), 1 survivors (1024K)
 Metaspace       used 37466K, committed 37824K, reserved 393216K
  class space    used 5132K, committed 5312K, reserved 327680K
}
Event: 550.697 GC heap before
{Heap before GC invocations=8 (full 0):
 garbage-first heap   total 262144K, used 41787K [0x00000000e0000000, 0x0000000100000000)
  region size 1024K, 12 young (12288K), 1 survivors (1024K)
 Metaspace       used 37907K, committed 38336K, reserved 393216K
  class space    used 5211K, committed 5376K, reserved 327680K
}
Event: 551.096 GC heap after
{Heap after GC invocations=9 (full 0):
 garbage-first heap   total 262144K, used 31645K [0x00000000e0000000, 0x0000000100000000)
  region size 1024K, 1 young (1024K), 1 survivors (1024K)
 Metaspace       used 37907K, committed 38336K, reserved 393216K
  class space    used 5211K, committed 5376K, reserved 327680K
}
Event: 627.773 GC heap before
{Heap before GC invocations=9 (full 0):
 garbage-first heap   total 262144K, used 41885K [0x00000000e0000000, 0x0000000100000000)
  region size 1024K, 12 young (12288K), 1 survivors (1024K)
 Metaspace       used 38883K, committed 39296K, reserved 393216K
  class space    used 5377K, committed 5568K, reserved 327680K
}
Event: 627.956 GC heap after
{Heap after GC invocations=10 (full 0):
 garbage-first heap   total 262144K, used 32093K [0x00000000e0000000, 0x0000000100000000)
  region size 1024K, 2 young (2048K), 2 survivors (2048K)
 Metaspace       used 38883K, committed 39296K, reserved 393216K
  class space    used 5377K, committed 5568K, reserved 327680K
}
Event: 699.663 GC heap before
{Heap before GC invocations=10 (full 0):
 garbage-first heap   total 262144K, used 42333K [0x00000000e0000000, 0x0000000100000000)
  region size 1024K, 12 young (12288K), 2 survivors (2048K)
 Metaspace       used 39748K, committed 40128K, reserved 393216K
  class space    used 5498K, committed 5696K, reserved 327680K
}
Event: 699.756 GC heap after
{Heap after GC invocations=11 (full 0):
 garbage-first heap   total 262144K, used 32359K [0x00000000e0000000, 0x0000000100000000)
  region size 1024K, 2 young (2048K), 2 survivors (2048K)
 Metaspace       used 39748K, committed 40128K, reserved 393216K
  class space    used 5498K, committed 5696K, reserved 327680K
}
Event: 735.802 GC heap before
{Heap before GC invocations=11 (full 0):
 garbage-first heap   total 262144K, used 42599K [0x00000000e0000000, 0x0000000100000000)
  region size 1024K, 12 young (12288K), 2 survivors (2048K)
 Metaspace       used 40929K, committed 41408K, reserved 393216K
  class space    used 5663K, committed 5888K, reserved 327680K
}
Event: 735.819 GC heap after
{Heap after GC invocations=12 (full 0):
 garbage-first heap   total 262144K, used 32556K [0x00000000e0000000, 0x0000000100000000)
  region size 1024K, 2 young (2048K), 2 survivors (2048K)
 Metaspace       used 40929K, committed 41408K, reserved 393216K
  class space    used 5663K, committed 5888K, reserved 327680K
}

