# JRE version: Java(TM) SE Runtime Environment (17.0.10+11) (build 17.0.10+11-LTS-240)
# Java VM: Java HotSpot(TM) 64-Bit Server VM (17.0.10+11-LTS-240, mixed mode, sharing, tiered, compressed oops, compressed class ptrs, g1 gc, windows-amd64)
GC Precious Log:
 CPUs: 8 total, 8 available
 Memory: 7901M
 Large Page Support: Disabled
 NUMA Support: Disabled
 Compressed Oops: Enabled (32-bit)
 Heap Region Size: 1M
 Heap Min Capacity: 256M
 Heap Initial Capacity: 256M
 Heap Max Capacity: 512M
 Pre-touch: Disabled
 Parallel Workers: 8
 Concurrent Workers: 2
 Concurrent Refinement Workers: 8
 Periodic GC: Disabled
Heap:
 garbage-first heap   total 262144K, used 40561K [0x00000000e0000000, 0x0000000100000000)
  region size 1024K, 14 young (14336K), 3 survivors (3072K)
 Metaspace       used 33972K, committed 34368K, reserved 393216K
  class space    used 4682K, committed 4864K, reserved 327680K
GC Heap History (20 events):
Event: 125.965 GC heap before
{Heap before GC invocations=2 (full 0):
 garbage-first heap   total 262144K, used 131647K [0x00000000e0000000, 0x0000000100000000)
  region size 1024K, 119 young (121856K), 1 survivors (1024K)
 Metaspace       used 21248K, committed 21504K, reserved 393216K
  class space    used 3107K, committed 3264K, reserved 327680K
}
Event: 127.653 GC heap after
{Heap after GC invocations=3 (full 0):
 garbage-first heap   total 262144K, used 22936K [0x00000000e0000000, 0x0000000100000000)
  region size 1024K, 12 young (12288K), 12 survivors (12288K)
 Metaspace       used 21248K, committed 21504K, reserved 393216K
  class space    used 3107K, committed 3264K, reserved 327680K
}
Event: 128.011 GC heap before
{Heap before GC invocations=3 (full 0):
 garbage-first heap   total 262144K, used 23960K [0x00000000e0000000, 0x0000000100000000)
  region size 1024K, 13 young (13312K), 12 survivors (12288K)
 Metaspace       used 21358K, committed 21696K, reserved 393216K
  class space    used 3121K, committed 3264K, reserved 327680K
}
Event: 128.299 GC heap after
{Heap after GC invocations=4 (full 0):
 garbage-first heap   total 262144K, used 23952K [0x00000000e0000000, 0x0000000100000000)
  region size 1024K, 2 young (2048K), 2 survivors (2048K)
 Metaspace       used 21358K, committed 21696K, reserved 393216K
  class space    used 3121K, committed 3264K, reserved 327680K
}
Event: 133.311 GC heap before
{Heap before GC invocations=5 (full 0):
 garbage-first heap   total 262144K, used 34192K [0x00000000e0000000, 0x0000000100000000)
  region size 1024K, 12 young (12288K), 2 survivors (2048K)
 Metaspace       used 22382K, committed 22656K, reserved 393216K
  class space    used 3314K, committed 3456K, reserved 327680K
}
Event: 133.415 GC heap after
{Heap after GC invocations=6 (full 0):
 garbage-first heap   total 262144K, used 23645K [0x00000000e0000000, 0x0000000100000000)
  region size 1024K, 1 young (1024K), 1 survivors (1024K)
 Metaspace       used 22382K, committed 22656K, reserved 393216K
  class space    used 3314K, committed 3456K, reserved 327680K
}
Event: 136.792 GC heap before
{Heap before GC invocations=6 (full 0):
 garbage-first heap   total 262144K, used 34909K [0x00000000e0000000, 0x0000000100000000)
  region size 1024K, 12 young (12288K), 1 survivors (1024K)
 Metaspace       used 23729K, committed 24064K, reserved 393216K
  class space    used 3518K, committed 3648K, reserved 327680K
}
Event: 136.970 GC heap after
{Heap after GC invocations=7 (full 0):
 garbage-first heap   total 262144K, used 23738K [0x00000000e0000000, 0x0000000100000000)
  region size 1024K, 1 young (1024K), 1 survivors (1024K)
 Metaspace       used 23729K, committed 24064K, reserved 393216K
  class space    used 3518K, committed 3648K, reserved 327680K
}
Event: 140.775 GC heap before
{Heap before GC invocations=7 (full 0):
 garbage-first heap   total 262144K, used 35002K [0x00000000e0000000, 0x0000000100000000)
  region size 1024K, 12 young (12288K), 1 survivors (1024K)
 Metaspace       used 25488K, committed 25792K, reserved 393216K
  class space    used 3775K, committed 3904K, reserved 327680K
}
Event: 140.964 GC heap after
{Heap after GC invocations=8 (full 0):
 garbage-first heap   total 262144K, used 24141K [0x00000000e0000000, 0x0000000100000000)
  region size 1024K, 2 young (2048K), 2 survivors (2048K)
 Metaspace       used 25488K, committed 25792K, reserved 393216K
  class space    used 3775K, committed 3904K, reserved 327680K
}
Event: 147.515 GC heap before
{Heap before GC invocations=8 (full 0):
 garbage-first heap   total 262144K, used 34381K [0x00000000e0000000, 0x0000000100000000)
  region size 1024K, 12 young (12288K), 2 survivors (2048K)
 Metaspace       used 27075K, committed 27392K, reserved 393216K
  class space    used 4032K, committed 4160K, reserved 327680K
}
Event: 147.524 GC heap after
{Heap after GC invocations=9 (full 0):
 garbage-first heap   total 262144K, used 25005K [0x00000000e0000000, 0x0000000100000000)
  region size 1024K, 2 young (2048K), 2 survivors (2048K)
 Metaspace       used 27075K, committed 27392K, reserved 393216K
  class space    used 4032K, committed 4160K, reserved 327680K
}
Event: 153.681 GC heap before
{Heap before GC invocations=9 (full 0):
 garbage-first heap   total 262144K, used 34221K [0x00000000e0000000, 0x0000000100000000)
  region size 1024K, 12 young (12288K), 2 survivors (2048K)
 Metaspace       used 30062K, committed 30464K, reserved 393216K
  class space    used 4306K, committed 4480K, reserved 327680K
}
Event: 153.692 GC heap after
{Heap after GC invocations=10 (full 0):
 garbage-first heap   total 262144K, used 26268K [0x00000000e0000000, 0x0000000100000000)
  region size 1024K, 2 young (2048K), 2 survivors (2048K)
 Metaspace       used 30062K, committed 30464K, reserved 393216K
  class space    used 4306K, committed 4480K, reserved 327680K
}
Event: 157.469 GC heap before
{Heap before GC invocations=10 (full 0):
 garbage-first heap   total 262144K, used 35484K [0x00000000e0000000, 0x0000000100000000)
  region size 1024K, 12 young (12288K), 2 survivors (2048K)
 Metaspace       used 31774K, committed 32128K, reserved 393216K
  class space    used 4491K, committed 4672K, reserved 327680K
}
Event: 157.478 GC heap after
{Heap after GC invocations=11 (full 0):
 garbage-first heap   total 262144K, used 27781K [0x00000000e0000000, 0x0000000100000000)
  region size 1024K, 2 young (2048K), 2 survivors (2048K)
 Metaspace       used 31774K, committed 32128K, reserved 393216K
  class space    used 4491K, committed 4672K, reserved 327680K
}
Event: 158.506 GC heap before
{Heap before GC invocations=11 (full 0):
 garbage-first heap   total 262144K, used 38021K [0x00000000e0000000, 0x0000000100000000)
  region size 1024K, 12 young (12288K), 2 survivors (2048K)
 Metaspace       used 31814K, committed 32192K, reserved 393216K
  class space    used 4491K, committed 4672K, reserved 327680K
}
Event: 158.568 GC heap after
{Heap after GC invocations=12 (full 0):
 garbage-first heap   total 262144K, used 28567K [0x00000000e0000000, 0x0000000100000000)
  region size 1024K, 2 young (2048K), 2 survivors (2048K)
 Metaspace       used 31814K, committed 32192K, reserved 393216K
  class space    used 4491K, committed 4672K, reserved 327680K
}
Event: 163.513 GC heap before
{Heap before GC invocations=12 (full 0):
 garbage-first heap   total 262144K, used 49047K [0x00000000e0000000, 0x0000000100000000)
  region size 1024K, 17 young (17408K), 2 survivors (2048K)
 Metaspace       used 33349K, committed 33664K, reserved 393216K
  class space    used 4583K, committed 4736K, reserved 327680K
}
Event: 163.536 GC heap after
{Heap after GC invocations=13 (full 0):
 garbage-first heap   total 262144K, used 30321K [0x00000000e0000000, 0x0000000100000000)
  region size 1024K, 3 young (3072K), 3 survivors (3072K)
 Metaspace       used 33349K, committed 33664K, reserved 393216K
  class space    used 4583K, committed 4736K, reserved 327680K
}

