# JRE version: Java(TM) SE Runtime Environment (17.0.10+11) (build 17.0.10+11-LTS-240)
# Java VM: Java HotSpot(TM) 64-Bit Server VM (17.0.10+11-LTS-240, mixed mode, sharing, tiered, compressed oops, compressed class ptrs, g1 gc, windows-amd64)
GC Precious Log:
 CPUs: 8 total, 8 available
 Memory: 7901M
 Large Page Support: Disabled
 NUMA Support: Disabled
 Compressed Oops: Enabled (32-bit)
 Heap Region Size: 1M
 Heap Min Capacity: 256M
 Heap Initial Capacity: 256M
 Heap Max Capacity: 512M
 Pre-touch: Disabled
 Parallel Workers: 8
 Concurrent Workers: 2
 Concurrent Refinement Workers: 8
 Periodic GC: Disabled
Heap:
 garbage-first heap   total 262144K, used 33481K [0x00000000e0000000, 0x0000000100000000)
  region size 1024K, 4 young (4096K), 1 survivors (1024K)
 Metaspace       used 37829K, committed 38208K, reserved 393216K
  class space    used 5190K, committed 5376K, reserved 327680K
GC Heap History (20 events):
Event: 42.432 GC heap before
{Heap before GC invocations=1 (full 0):
 garbage-first heap   total 262144K, used 30159K [0x00000000e0000000, 0x0000000100000000)
  region size 1024K, 22 young (22528K), 3 survivors (3072K)
 Metaspace       used 4027K, committed 4160K, reserved 393216K
  class space    used 496K, committed 576K, reserved 327680K
}
Event: 42.447 GC heap after
{Heap after GC invocations=2 (full 0):
 garbage-first heap   total 262144K, used 11633K [0x00000000e0000000, 0x0000000100000000)
  region size 1024K, 1 young (1024K), 1 survivors (1024K)
 Metaspace       used 4027K, committed 4160K, reserved 393216K
  class space    used 496K, committed 576K, reserved 327680K
}
Event: 61.681 GC heap before
{Heap before GC invocations=2 (full 0):
 garbage-first heap   total 262144K, used 45425K [0x00000000e0000000, 0x0000000100000000)
  region size 1024K, 33 young (33792K), 1 survivors (1024K)
 Metaspace       used 5742K, committed 5888K, reserved 393216K
  class space    used 757K, committed 832K, reserved 327680K
}
Event: 61.728 GC heap after
{Heap after GC invocations=3 (full 0):
 garbage-first heap   total 262144K, used 17095K [0x00000000e0000000, 0x0000000100000000)
  region size 1024K, 5 young (5120K), 5 survivors (5120K)
 Metaspace       used 5742K, committed 5888K, reserved 393216K
  class space    used 757K, committed 832K, reserved 327680K
}
Event: 155.780 GC heap before
{Heap before GC invocations=3 (full 0):
 garbage-first heap   total 262144K, used 111303K [0x00000000e0000000, 0x0000000100000000)
  region size 1024K, 98 young (100352K), 5 survivors (5120K)
 Metaspace       used 21256K, committed 21504K, reserved 393216K
  class space    used 3108K, committed 3264K, reserved 327680K
}
Event: 156.244 GC heap after
{Heap after GC invocations=4 (full 0):
 garbage-first heap   total 262144K, used 22835K [0x00000000e0000000, 0x0000000100000000)
  region size 1024K, 11 young (11264K), 11 survivors (11264K)
 Metaspace       used 21256K, committed 21504K, reserved 393216K
  class space    used 3108K, committed 3264K, reserved 327680K
}
Event: 204.587 GC heap before
{Heap before GC invocations=5 (full 0):
 garbage-first heap   total 262144K, used 37171K [0x00000000e0000000, 0x0000000100000000)
  region size 1024K, 26 young (26624K), 11 survivors (11264K)
 Metaspace       used 22805K, committed 23168K, reserved 393216K
  class space    used 3379K, committed 3520K, reserved 327680K
}
Event: 204.633 GC heap after
{Heap after GC invocations=6 (full 0):
 garbage-first heap   total 262144K, used 24166K [0x00000000e0000000, 0x0000000100000000)
  region size 1024K, 2 young (2048K), 2 survivors (2048K)
 Metaspace       used 22805K, committed 23168K, reserved 393216K
  class space    used 3379K, committed 3520K, reserved 327680K
}
Event: 496.851 GC heap before
{Heap before GC invocations=6 (full 0):
 garbage-first heap   total 262144K, used 110182K [0x00000000e0000000, 0x0000000100000000)
  region size 1024K, 82 young (83968K), 2 survivors (2048K)
 Metaspace       used 33452K, committed 33856K, reserved 393216K
  class space    used 4582K, committed 4800K, reserved 327680K
}
Event: 497.512 GC heap after
{Heap after GC invocations=7 (full 0):
 garbage-first heap   total 262144K, used 29636K [0x00000000e0000000, 0x0000000100000000)
  region size 1024K, 7 young (7168K), 7 survivors (7168K)
 Metaspace       used 33452K, committed 33856K, reserved 393216K
  class space    used 4582K, committed 4800K, reserved 327680K
}
Event: 539.186 GC heap before
{Heap before GC invocations=7 (full 0):
 garbage-first heap   total 262144K, used 33732K [0x00000000e0000000, 0x0000000100000000)
  region size 1024K, 12 young (12288K), 7 survivors (7168K)
 Metaspace       used 33846K, committed 34240K, reserved 393216K
  class space    used 4647K, committed 4864K, reserved 327680K
}
Event: 540.300 GC heap after
{Heap after GC invocations=8 (full 0):
 garbage-first heap   total 262144K, used 30095K [0x00000000e0000000, 0x0000000100000000)
  region size 1024K, 2 young (2048K), 2 survivors (2048K)
 Metaspace       used 33846K, committed 34240K, reserved 393216K
  class space    used 4647K, committed 4864K, reserved 327680K
}
Event: 587.459 GC heap before
{Heap before GC invocations=8 (full 0):
 garbage-first heap   total 262144K, used 40335K [0x00000000e0000000, 0x0000000100000000)
  region size 1024K, 12 young (12288K), 2 survivors (2048K)
 Metaspace       used 34634K, committed 35072K, reserved 393216K
  class space    used 4767K, committed 4992K, reserved 327680K
}
Event: 587.476 GC heap after
{Heap after GC invocations=9 (full 0):
 garbage-first heap   total 262144K, used 30572K [0x00000000e0000000, 0x0000000100000000)
  region size 1024K, 2 young (2048K), 2 survivors (2048K)
 Metaspace       used 34634K, committed 35072K, reserved 393216K
  class space    used 4767K, committed 4992K, reserved 327680K
}
Event: 628.094 GC heap before
{Heap before GC invocations=9 (full 0):
 garbage-first heap   total 262144K, used 40812K [0x00000000e0000000, 0x0000000100000000)
  region size 1024K, 12 young (12288K), 2 survivors (2048K)
 Metaspace       used 35623K, committed 35968K, reserved 393216K
  class space    used 4937K, committed 5120K, reserved 327680K
}
Event: 629.169 GC heap after
{Heap after GC invocations=10 (full 0):
 garbage-first heap   total 262144K, used 31156K [0x00000000e0000000, 0x0000000100000000)
  region size 1024K, 2 young (2048K), 2 survivors (2048K)
 Metaspace       used 35623K, committed 35968K, reserved 393216K
  class space    used 4937K, committed 5120K, reserved 327680K
}
Event: 632.641 GC heap before
{Heap before GC invocations=10 (full 0):
 garbage-first heap   total 262144K, used 31156K [0x00000000e0000000, 0x0000000100000000)
  region size 1024K, 3 young (3072K), 2 survivors (2048K)
 Metaspace       used 35727K, committed 36096K, reserved 393216K
  class space    used 4956K, committed 5184K, reserved 327680K
}
Event: 633.638 GC heap after
{Heap after GC invocations=11 (full 0):
 garbage-first heap   total 262144K, used 31261K [0x00000000e0000000, 0x0000000100000000)
  region size 1024K, 1 young (1024K), 1 survivors (1024K)
 Metaspace       used 35727K, committed 36096K, reserved 393216K
  class space    used 4956K, committed 5184K, reserved 327680K
}
Event: 640.601 GC heap before
{Heap before GC invocations=12 (full 0):
 garbage-first heap   total 262144K, used 43549K [0x00000000e0000000, 0x0000000100000000)
  region size 1024K, 12 young (12288K), 1 survivors (1024K)
 Metaspace       used 37498K, committed 37888K, reserved 393216K
  class space    used 5124K, committed 5312K, reserved 327680K
}
Event: 640.617 GC heap after
{Heap after GC invocations=13 (full 0):
 garbage-first heap   total 262144K, used 31433K [0x00000000e0000000, 0x0000000100000000)
  region size 1024K, 1 young (1024K), 1 survivors (1024K)
 Metaspace       used 37498K, committed 37888K, reserved 393216K
  class space    used 5124K, committed 5312K, reserved 327680K
}

