# JRE version: Java(TM) SE Runtime Environment (17.0.10+11) (build 17.0.10+11-LTS-240)
# Java VM: Java HotSpot(TM) 64-Bit Server VM (17.0.10+11-LTS-240, mixed mode, sharing, tiered, compressed oops, compressed class ptrs, g1 gc, windows-amd64)
GC Precious Log:
 CPUs: 8 total, 8 available
 Memory: 7901M
 Large Page Support: Disabled
 NUMA Support: Disabled
 Compressed Oops: Enabled (32-bit)
 Heap Region Size: 1M
 Heap Min Capacity: 256M
 Heap Initial Capacity: 256M
 Heap Max Capacity: 512M
 Pre-touch: Disabled
 Parallel Workers: 8
 Concurrent Workers: 2
 Concurrent Refinement Workers: 8
 Periodic GC: Disabled
Heap:
 garbage-first heap   total 262144K, used 42912K [0x00000000e0000000, 0x0000000100000000)
  region size 1024K, 5 young (5120K), 3 survivors (3072K)
 Metaspace       used 50267K, committed 50752K, reserved 393216K
  class space    used 7154K, committed 7360K, reserved 327680K
GC Heap History (20 events):
Event: 477.618 GC heap before
{Heap before GC invocations=7 (full 0):
 garbage-first heap   total 262144K, used 89148K [0x00000000e0000000, 0x0000000100000000)
  region size 1024K, 56 young (57344K), 2 survivors (2048K)
 Metaspace       used 42089K, committed 42624K, reserved 393216K
  class space    used 5843K, committed 6080K, reserved 327680K
}
Event: 481.024 GC heap after
{Heap after GC invocations=8 (full 0):
 garbage-first heap   total 262144K, used 33820K [0x00000000e0000000, 0x0000000100000000)
  region size 1024K, 3 young (3072K), 3 survivors (3072K)
 Metaspace       used 42089K, committed 42624K, reserved 393216K
  class space    used 5843K, committed 6080K, reserved 327680K
}
Event: 563.848 GC heap before
{Heap before GC invocations=8 (full 0):
 garbage-first heap   total 262144K, used 42012K [0x00000000e0000000, 0x0000000100000000)
  region size 1024K, 12 young (12288K), 3 survivors (3072K)
 Metaspace       used 42246K, committed 42688K, reserved 393216K
  class space    used 5857K, committed 6080K, reserved 327680K
}
Event: 563.951 GC heap after
{Heap after GC invocations=9 (full 0):
 garbage-first heap   total 262144K, used 34085K [0x00000000e0000000, 0x0000000100000000)
  region size 1024K, 1 young (1024K), 1 survivors (1024K)
 Metaspace       used 42246K, committed 42688K, reserved 393216K
  class space    used 5857K, committed 6080K, reserved 327680K
}
Event: 654.105 GC heap before
{Heap before GC invocations=9 (full 0):
 garbage-first heap   total 262144K, used 44325K [0x00000000e0000000, 0x0000000100000000)
  region size 1024K, 12 young (12288K), 1 survivors (1024K)
 Metaspace       used 42319K, committed 42752K, reserved 393216K
  class space    used 5862K, committed 6080K, reserved 327680K
}
Event: 654.177 GC heap after
{Heap after GC invocations=10 (full 0):
 garbage-first heap   total 262144K, used 33940K [0x00000000e0000000, 0x0000000100000000)
  region size 1024K, 1 young (1024K), 1 survivors (1024K)
 Metaspace       used 42319K, committed 42752K, reserved 393216K
  class space    used 5862K, committed 6080K, reserved 327680K
}
Event: 701.701 GC heap before
{Heap before GC invocations=10 (full 0):
 garbage-first heap   total 262144K, used 45204K [0x00000000e0000000, 0x0000000100000000)
  region size 1024K, 12 young (12288K), 1 survivors (1024K)
 Metaspace       used 43403K, committed 43840K, reserved 393216K
  class space    used 6046K, committed 6272K, reserved 327680K
}
Event: 701.732 GC heap after
{Heap after GC invocations=11 (full 0):
 garbage-first heap   total 262144K, used 34212K [0x00000000e0000000, 0x0000000100000000)
  region size 1024K, 1 young (1024K), 1 survivors (1024K)
 Metaspace       used 43403K, committed 43840K, reserved 393216K
  class space    used 6046K, committed 6272K, reserved 327680K
}
Event: 709.839 GC heap before
{Heap before GC invocations=11 (full 0):
 garbage-first heap   total 262144K, used 45476K [0x00000000e0000000, 0x0000000100000000)
  region size 1024K, 12 young (12288K), 1 survivors (1024K)
 Metaspace       used 44405K, committed 44864K, reserved 393216K
  class space    used 6219K, committed 6464K, reserved 327680K
}
Event: 709.905 GC heap after
{Heap after GC invocations=12 (full 0):
 garbage-first heap   total 262144K, used 34658K [0x00000000e0000000, 0x0000000100000000)
  region size 1024K, 2 young (2048K), 2 survivors (2048K)
 Metaspace       used 44405K, committed 44864K, reserved 393216K
  class space    used 6219K, committed 6464K, reserved 327680K
}
Event: 713.509 GC heap before
{Heap before GC invocations=12 (full 0):
 garbage-first heap   total 262144K, used 44898K [0x00000000e0000000, 0x0000000100000000)
  region size 1024K, 12 young (12288K), 2 survivors (2048K)
 Metaspace       used 45360K, committed 45824K, reserved 393216K
  class space    used 6397K, committed 6656K, reserved 327680K
}
Event: 713.533 GC heap after
{Heap after GC invocations=13 (full 0):
 garbage-first heap   total 262144K, used 35147K [0x00000000e0000000, 0x0000000100000000)
  region size 1024K, 2 young (2048K), 2 survivors (2048K)
 Metaspace       used 45360K, committed 45824K, reserved 393216K
  class space    used 6397K, committed 6656K, reserved 327680K
}
Event: 717.630 GC heap before
{Heap before GC invocations=13 (full 0):
 garbage-first heap   total 262144K, used 45387K [0x00000000e0000000, 0x0000000100000000)
  region size 1024K, 12 young (12288K), 2 survivors (2048K)
 Metaspace       used 46190K, committed 46720K, reserved 393216K
  class space    used 6510K, committed 6784K, reserved 327680K
}
Event: 717.649 GC heap after
{Heap after GC invocations=14 (full 0):
 garbage-first heap   total 262144K, used 36799K [0x00000000e0000000, 0x0000000100000000)
  region size 1024K, 2 young (2048K), 2 survivors (2048K)
 Metaspace       used 46190K, committed 46720K, reserved 393216K
  class space    used 6510K, committed 6784K, reserved 327680K
}
Event: 728.157 GC heap before
{Heap before GC invocations=14 (full 0):
 garbage-first heap   total 262144K, used 47039K [0x00000000e0000000, 0x0000000100000000)
  region size 1024K, 12 young (12288K), 2 survivors (2048K)
 Metaspace       used 46298K, committed 46784K, reserved 393216K
  class space    used 6521K, committed 6784K, reserved 327680K
}
Event: 728.184 GC heap after
{Heap after GC invocations=15 (full 0):
 garbage-first heap   total 262144K, used 38369K [0x00000000e0000000, 0x0000000100000000)
  region size 1024K, 2 young (2048K), 2 survivors (2048K)
 Metaspace       used 46298K, committed 46784K, reserved 393216K
  class space    used 6521K, committed 6784K, reserved 327680K
}
Event: 729.714 GC heap before
{Heap before GC invocations=15 (full 0):
 garbage-first heap   total 262144K, used 48609K [0x00000000e0000000, 0x0000000100000000)
  region size 1024K, 12 young (12288K), 2 survivors (2048K)
 Metaspace       used 46816K, committed 47360K, reserved 393216K
  class space    used 6615K, committed 6848K, reserved 327680K
}
Event: 729.729 GC heap after
{Heap after GC invocations=16 (full 0):
 garbage-first heap   total 262144K, used 39351K [0x00000000e0000000, 0x0000000100000000)
  region size 1024K, 1 young (1024K), 1 survivors (1024K)
 Metaspace       used 46816K, committed 47360K, reserved 393216K
  class space    used 6615K, committed 6848K, reserved 327680K
}
Event: 737.652 GC heap before
{Heap before GC invocations=16 (full 0):
 garbage-first heap   total 262144K, used 59831K [0x00000000e0000000, 0x0000000100000000)
  region size 1024K, 21 young (21504K), 1 survivors (1024K)
 Metaspace       used 48856K, committed 49408K, reserved 393216K
  class space    used 6980K, committed 7232K, reserved 327680K
}
Event: 737.705 GC heap after
{Heap after GC invocations=17 (full 0):
 garbage-first heap   total 262144K, used 40811K [0x00000000e0000000, 0x0000000100000000)
  region size 1024K, 3 young (3072K), 3 survivors (3072K)
 Metaspace       used 48856K, committed 49408K, reserved 393216K
  class space    used 6980K, committed 7232K, reserved 327680K
}

